[12jul.2026 22:50:13.527] [main/INFO] [net.neoforged.fml.startup.Entrypoint/]: JVM Uptime at startup: 105ms
[12jul.2026 22:50:13.533] [main/INFO] [net.neoforged.fml.loading.FMLLoader/]: Starting FancyModLoader version 11.0.15 (CLIENT in DEV)
[12jul.2026 22:50:13.534] [main/INFO] [net.neoforged.fml.loading.FMLLoader/]: Game directory: /Users/airtonlopes/Dev/MODS JAVA/AvoidMiner/run
[12jul.2026 22:50:13.556] [main/INFO] [net.neoforged.fml.loading.EarlyServiceDiscovery/]: Found 2 early service jars (out of 104) in 9ms
[12jul.2026 22:50:13.556] [main/INFO] [net.neoforged.fml.loading.FMLLoader/]: Loading FML Early Services:
[12jul.2026 22:50:13.557] [main/INFO] [net.neoforged.fml.loading.FMLLoader/]:  - /Users/airtonlopes/.gradle/caches/modules-2/files-2.1/net.neoforged.fancymodloader/loader/11.0.15/69ddd98736a6b095783523404d1af8992842722/loader-11.0.15.jar
[12jul.2026 22:50:13.557] [main/INFO] [net.neoforged.fml.loading.FMLLoader/]:  - /Users/airtonlopes/.gradle/caches/modules-2/files-2.1/net.neoforged.fancymodloader/earlydisplay/11.0.15/b254aa4ec40828f8ce65411dcb7fb9f6ce008064/earlydisplay-11.0.15.jar
[12jul.2026 22:50:13.559] [main/INFO] [net.neoforged.fml.loading.ImmediateWindowHandler/]: Loading ImmediateWindowProvider fmlearlywindow
[12jul.2026 22:50:13.807] [main/WARN] [EARLYDISPLAY/]: Failed to set window icon: [0x1000C] Cocoa: Regular windows do not have icons on macOS
[12jul.2026 22:50:13.905] [ForkJoinPool.commonPool-worker-5/INFO] [net.neoforged.fml.loading.moddiscovery.locators.GameLocator/]: Detected a joined NeoForge and Minecraft configuration. Applying filtering...
[12jul.2026 22:50:13.917] [fml-loadingscreen/INFO] [net.neoforged.fml.earlydisplay.render.LoadingScreenRenderer/]: GL info: Apple M4 GL version 4.1 Metal - 90.5, Apple
[12jul.2026 22:50:13.944] [ForkJoinPool.commonPool-worker-5/INFO] [net.neoforged.fml.loading.moddiscovery.locators.InDevFolderLocator/CORE]: Got mod coordinates avoidminer%%/Users/airtonlopes/Dev/MODS JAVA/AvoidMiner/build/classes/java/main:avoidminer%%/Users/airtonlopes/Dev/MODS JAVA/AvoidMiner/build/resources/main from env
[12jul.2026 22:50:13.963] [ForkJoinPool.commonPool-worker-5/INFO] [net.neoforged.fml.loading.UniqueModListBuilder/]: Found 2 mod files for modid jei, selecting jei-26.1.2-neoforge-29.14.0.43.jar as it is the most recent based on version data:
	29.14.0.43 from jei-26.1.2-neoforge-29.14.0.43.jar
	29.2.0.21 from jei-26.1-neoforge-29.2.0.21.jar
[12jul.2026 22:50:14.002] [ForkJoinPool.commonPool-worker-5/INFO] [net.neoforged.fml.loading.moddiscovery.locators.JarInJarDependencyLocator/]: Found 2 dependencies adding them to mods collection
[12jul.2026 22:50:14.003] [ForkJoinPool.commonPool-worker-5/INFO] [net.neoforged.fml.loading.moddiscovery.ModDiscoverer/]: 
     Mod List:
		Name Version (Mod Id)

		Avoid Miner 1.0.0 (avoidminer)
		Just Enough Items 29.14.0.43 (jei)
		Minecraft 26.1.2 (minecraft)
		NeoForge 26.1.2.78 (neoforge)
[12jul.2026 22:50:14.180] [main/INFO] [mixin/]: SpongePowered MIXIN Subsystem Version=0.8.7 Source=file:/Users/airtonlopes/.gradle/caches/modules-2/files-2.1/net.fabricmc/sponge-mixin/0.17.3+mixin.0.8.7/41c4a3984a80f4679e759fb9f495587acc5cdac7/sponge-mixin-0.17.3+mixin.0.8.7.jar Service=FML Env=CLIENT
[12jul.2026 22:50:14.192] [main/INFO] [net.neoforged.fml.loading.FMLLoader/]: Loading FML Plugins:
[12jul.2026 22:50:14.192] [main/INFO] [net.neoforged.fml.loading.FMLLoader/]:  - /Users/airtonlopes/.gradle/caches/modules-2/files-2.1/net.neoforged/neoforge/26.1.2.78/ecfc2e38a46719beaf8bfbdb77c32cb3f9bcb490/neoforge-26.1.2.78-universal.jar > net.neoforged.neoforge-coremods-26.1.2.78.jar
[12jul.2026 22:50:14.241] [main/INFO] [net.neoforged.fml.loading.FMLLoader/]: Building game content classloader:
 - avoidminer (composite(folder(/Users/airtonlopes/Dev/MODS JAVA/AvoidMiner/build/classes/java/main), folder(/Users/airtonlopes/Dev/MODS JAVA/AvoidMiner/build/resources/main)))
 - jei (jar(mods/jei-26.1.2-neoforge-29.14.0.43.jar))
 - minecraft (composite(filtered(jar(/Users/airtonlopes/Dev/MODS JAVA/AvoidMiner/build/moddev/artifacts/minecraft-patched-26.1.2.78.jar)), filtered(jar(/Users/airtonlopes/Dev/MODS JAVA/AvoidMiner/build/moddev/artifacts/minecraft-patched-26.1.2.78.jar))))
 - mixinextras.neoforge (jar(/Users/airtonlopes/.gradle/caches/modules-2/files-2.1/net.neoforged/neoforge/26.1.2.78/ecfc2e38a46719beaf8bfbdb77c32cb3f9bcb490/neoforge-26.1.2.78-universal.jar > mixinextras-neoforge-0.5.4.jar))
 - neoforge (composite(filtered(jar(/Users/airtonlopes/.gradle/caches/modules-2/files-2.1/net.neoforged/neoforge/26.1.2.78/ecfc2e38a46719beaf8bfbdb77c32cb3f9bcb490/neoforge-26.1.2.78-universal.jar))))
 - net.neoforged.fml.generated (empty(VirtualJar/net.neoforged.fml.generated))
[12jul.2026 22:50:14.245] [main/INFO] [net.neoforged.fml.loading.FMLLoader/]: Built game content classloader in 8ms
[12jul.2026 22:50:14.887] [Datafixer Bootstrap/INFO] [com.mojang.datafixers.DataFixerBuilder/]: 294 Datafixer optimizations took 227 milliseconds
[12jul.2026 22:50:15.790] [pool-9-thread-1/INFO] [MixinExtras|Service/]: Initializing MixinExtras via com.llamalad7.mixinextras.service.MixinExtrasServiceImpl(version=0.5.4).
[12jul.2026 22:50:17.742] [main/WARN] [net.minecraft.commands.Commands/]: Ambiguity between arguments [teleport, location] and [teleport, destination] with inputs: [0.1 -0.5 .9, 0 0 0]
[12jul.2026 22:50:17.742] [main/WARN] [net.minecraft.commands.Commands/]: Ambiguity between arguments [teleport, location] and [teleport, targets] with inputs: [0.1 -0.5 .9, 0 0 0]
[12jul.2026 22:50:17.743] [main/WARN] [net.minecraft.commands.Commands/]: Ambiguity between arguments [teleport, destination] and [teleport, targets] with inputs: [Player, 0123, @e, dd12be42-52a9-4a91-a8a1-11c01849e498]
[12jul.2026 22:50:17.744] [main/WARN] [net.minecraft.commands.Commands/]: Ambiguity between arguments [teleport, targets] and [teleport, destination] with inputs: [Player, 0123, dd12be42-52a9-4a91-a8a1-11c01849e498]
[12jul.2026 22:50:17.744] [main/WARN] [net.minecraft.commands.Commands/]: Ambiguity between arguments [teleport, targets, location] and [teleport, targets, destination] with inputs: [0.1 -0.5 .9, 0 0 0]
[12jul.2026 22:50:17.745] [main/WARN] [net.minecraft.commands.Commands/]: Ambiguity between arguments [time, set, time] and [time, set, timemarker] with inputs: [0, 0s, 0d, 0t]
[12jul.2026 22:50:17.745] [main/WARN] [net.minecraft.commands.Commands/]: Ambiguity between arguments [time, set, timemarker] and [time, set, time] with inputs: [012]
[12jul.2026 22:50:17.746] [main/WARN] [net.minecraft.commands.Commands/]: Ambiguity between arguments [time, of, clock, set, time] and [time, of, clock, set, timemarker] with inputs: [0, 0s, 0d, 0t]
[12jul.2026 22:50:17.746] [main/WARN] [net.minecraft.commands.Commands/]: Ambiguity between arguments [time, of, clock, set, timemarker] and [time, of, clock, set, time] with inputs: [012]
[12jul.2026 22:50:17.747] [main/WARN] [net.minecraft.commands.Commands/]: Ambiguity between arguments [waypoint, modify, waypoint, color, reset] and [waypoint, modify, waypoint, color, color] with inputs: [reset]
[12jul.2026 22:50:17.773] [modloading-worker-0/INFO] [net.neoforged.neoforge.common.NeoForgeMod/NEOFORGE-MOD]: NeoForge mod loading, version 26.1.2.78, for MC 26.1.2
[12jul.2026 22:50:17.797] [modloading-worker-0/INFO] [mezz.jei.library.load.PluginCaller/]: Sending ConfigManager...
[12jul.2026 22:50:17.798] [modloading-worker-0/INFO] [mezz.jei.library.load.PluginCaller/]: Sending ConfigManager took 640.3 microseconds
[12jul.2026 22:50:17.801] [modloading-worker-0/INFO] [com.airton.avoidminer.AvoidMiner/]: Avoid Miner inicializado com sucesso!
[12jul.2026 22:50:17.979] [Render thread/INFO] [com.mojang.authlib.yggdrasil.YggdrasilAuthenticationService/]: Environment: Environment[sessionHost=https://sessionserver.mojang.com, servicesHost=https://api.minecraftservices.com, profilesHost=https://api.mojang.com, name=PROD]
[12jul.2026 22:50:17.986] [Render thread/INFO] [net.minecraft.client.Minecraft/]: Setting user: Dev
[12jul.2026 22:50:18.026] [Render thread/INFO] [net.minecraft.client.Minecraft/]: Backend library: LWJGL version 3.4.1+2
[12jul.2026 22:50:18.435] [Render thread/INFO] [net.minecraft.client.Minecraft/]: Using optional rendering extensions: GL_EXT_texture_filter_anisotropic
[12jul.2026 22:50:19.142] [Render thread/INFO] [net.minecraft.server.packs.resources.ReloadableResourceManager/]: Reloading ResourceManager: vanilla, mod_resources, mod/neoforge, mod/jei, mod/avoidminer
[12jul.2026 22:50:19.553] [resourceLoad/INFO] [net.minecraft.client.gui.font.providers.UnihexProvider/]: Found unifont_pua-17.0.01.hex, loading
[12jul.2026 22:50:19.553] [resourceLoad/INFO] [net.minecraft.client.gui.font.providers.UnihexProvider/]: Found unifont_all_no_pua-17.0.01.hex, loading
[12jul.2026 22:50:19.640] [resourceLoad/INFO] [net.minecraft.client.gui.font.providers.UnihexProvider/]: Found unifont_jp_patch-17.0.01.hex, loading
[12jul.2026 22:50:20.434] [Render thread/INFO] [com.mojang.blaze3d.opengl.GlProgram/]: Info log when linking program containing VS minecraft:core/rendertype_text_background_see_through and FS minecraft:core/rendertype_text_background_see_through. Log output: WARNING: Could not find vertex shader attribute 'UV2' to match BindAttributeLocation request.

[12jul.2026 22:50:20.437] [Render thread/INFO] [com.mojang.blaze3d.opengl.GlProgram/]: Info log when linking program containing VS minecraft:core/rendertype_entity_shadow and FS minecraft:core/rendertype_entity_shadow. Log output: WARNING: Could not find vertex shader attribute 'UV1' to match BindAttributeLocation request.
WARNING: Could not find vertex shader attribute 'Normal' to match BindAttributeLocation request.
WARNING: Could not find vertex shader attribute 'UV2' to match BindAttributeLocation request.

[12jul.2026 22:50:20.439] [Render thread/INFO] [com.mojang.blaze3d.opengl.GlProgram/]: Info log when linking program containing VS minecraft:core/entity and FS minecraft:core/entity. Log output: WARNING: Could not find vertex shader attribute 'UV1' to match BindAttributeLocation request.
WARNING: Could not find vertex shader attribute 'Normal' to match BindAttributeLocation request.
WARNING: Could not find vertex shader attribute 'UV2' to match BindAttributeLocation request.

[12jul.2026 22:50:20.444] [Render thread/INFO] [com.mojang.blaze3d.opengl.GlProgram/]: Info log when linking program containing VS neoforge:core/item_unlit and FS minecraft:core/item. Log output: WARNING: Could not find vertex shader attribute 'UV1' to match BindAttributeLocation request.
WARNING: Could not find vertex shader attribute 'Normal' to match BindAttributeLocation request.
WARNING: Could not find vertex shader attribute 'UV2' to match BindAttributeLocation request.

[12jul.2026 22:50:20.451] [Render thread/INFO] [com.mojang.blaze3d.opengl.GlProgram/]: Info log when linking program containing VS minecraft:core/entity and FS minecraft:core/entity. Log output: WARNING: Could not find vertex shader attribute 'UV1' to match BindAttributeLocation request.

[12jul.2026 22:50:20.452] [Render thread/INFO] [com.mojang.blaze3d.opengl.GlProgram/]: Info log when linking program containing VS minecraft:core/rendertype_text_see_through and FS minecraft:core/rendertype_text_see_through. Log output: WARNING: Could not find vertex shader attribute 'UV2' to match BindAttributeLocation request.

[12jul.2026 22:50:20.459] [Render thread/INFO] [com.mojang.blaze3d.opengl.GlProgram/]: Info log when linking program containing VS minecraft:core/entity and FS minecraft:core/entity. Log output: WARNING: Could not find vertex shader attribute 'UV1' to match BindAttributeLocation request.

[12jul.2026 22:50:20.460] [Render thread/INFO] [com.mojang.blaze3d.opengl.GlProgram/]: Info log when linking program containing VS minecraft:core/animate_sprite and FS minecraft:core/animate_sprite_blit. Log output: WARNING: Output of vertex shader 'fAnimationProgress' not read by fragment shader

[12jul.2026 22:50:20.465] [Render thread/INFO] [com.mojang.blaze3d.opengl.GlProgram/]: Info log when linking program containing VS minecraft:core/entity and FS minecraft:core/entity. Log output: WARNING: Could not find vertex shader attribute 'Normal' to match BindAttributeLocation request.

[12jul.2026 22:50:20.467] [Render thread/INFO] [com.mojang.blaze3d.opengl.GlProgram/]: Info log when linking program containing VS minecraft:core/rendertype_crumbling and FS minecraft:core/rendertype_crumbling. Log output: WARNING: Could not find vertex shader attribute 'UV2' to match BindAttributeLocation request.

[12jul.2026 22:50:20.473] [Render thread/INFO] [com.mojang.blaze3d.opengl.GlProgram/]: Info log when linking program containing VS minecraft:core/entity and FS minecraft:core/entity. Log output: WARNING: Could not find vertex shader attribute 'UV1' to match BindAttributeLocation request.
WARNING: Could not find vertex shader attribute 'Normal' to match BindAttributeLocation request.

[12jul.2026 22:50:20.474] [Render thread/INFO] [com.mojang.blaze3d.opengl.GlProgram/]: Info log when linking program containing VS minecraft:core/entity and FS minecraft:core/entity. Log output: WARNING: Could not find vertex shader attribute 'UV1' to match BindAttributeLocation request.

[12jul.2026 22:50:20.476] [Render thread/INFO] [com.mojang.blaze3d.opengl.GlProgram/]: Info log when linking program containing VS minecraft:core/entity and FS minecraft:core/entity. Log output: WARNING: Could not find vertex shader attribute 'UV1' to match BindAttributeLocation request.

[12jul.2026 22:50:20.480] [Render thread/INFO] [com.mojang.blaze3d.opengl.GlProgram/]: Info log when linking program containing VS minecraft:core/entity and FS minecraft:core/entity. Log output: WARNING: Could not find vertex shader attribute 'UV2' to match BindAttributeLocation request.

[12jul.2026 22:50:20.485] [Render thread/INFO] [com.mojang.blaze3d.opengl.GlProgram/]: Info log when linking program containing VS minecraft:core/item and FS minecraft:core/item. Log output: WARNING: Could not find vertex shader attribute 'UV1' to match BindAttributeLocation request.

[12jul.2026 22:50:20.490] [Render thread/INFO] [com.mojang.blaze3d.opengl.GlProgram/]: Info log when linking program containing VS minecraft:core/entity and FS minecraft:core/entity. Log output: WARNING: Could not find vertex shader attribute 'UV1' to match BindAttributeLocation request.

[12jul.2026 22:50:20.495] [Render thread/INFO] [com.mojang.blaze3d.opengl.GlProgram/]: Info log when linking program containing VS minecraft:core/rendertype_beacon_beam and FS minecraft:core/rendertype_beacon_beam. Log output: WARNING: Could not find vertex shader attribute 'UV2' to match BindAttributeLocation request.

[12jul.2026 22:50:20.497] [Render thread/INFO] [com.mojang.blaze3d.opengl.GlProgram/]: Info log when linking program containing VS minecraft:core/rendertype_text_intensity_see_through and FS minecraft:core/rendertype_text_intensity_see_through. Log output: WARNING: Could not find vertex shader attribute 'UV2' to match BindAttributeLocation request.

[12jul.2026 22:50:20.500] [Render thread/INFO] [com.mojang.blaze3d.opengl.GlProgram/]: Info log when linking program containing VS neoforge:core/item_unlit and FS minecraft:core/item. Log output: WARNING: Could not find vertex shader attribute 'UV1' to match BindAttributeLocation request.
WARNING: Could not find vertex shader attribute 'Normal' to match BindAttributeLocation request.
WARNING: Could not find vertex shader attribute 'UV2' to match BindAttributeLocation request.

[12jul.2026 22:50:20.501] [Render thread/INFO] [com.mojang.blaze3d.opengl.GlProgram/]: Info log when linking program containing VS minecraft:core/rendertype_beacon_beam and FS minecraft:core/rendertype_beacon_beam. Log output: WARNING: Could not find vertex shader attribute 'UV2' to match BindAttributeLocation request.

[12jul.2026 22:50:20.502] [Render thread/INFO] [com.mojang.blaze3d.opengl.GlProgram/]: Info log when linking program containing VS minecraft:core/item and FS minecraft:core/item. Log output: WARNING: Could not find vertex shader attribute 'UV1' to match BindAttributeLocation request.

[12jul.2026 22:50:20.504] [Render thread/INFO] [com.mojang.blaze3d.opengl.GlProgram/]: Info log when linking program containing VS minecraft:core/entity and FS minecraft:core/entity. Log output: WARNING: Could not find vertex shader attribute 'UV1' to match BindAttributeLocation request.
WARNING: Could not find vertex shader attribute 'Normal' to match BindAttributeLocation request.
WARNING: Could not find vertex shader attribute 'UV2' to match BindAttributeLocation request.

[12jul.2026 22:50:20.557] [Render thread/INFO] [com.mojang.blaze3d.audio.Library/]: OpenAL initialized on device Alto-falantes (MacBook Air)
[12jul.2026 22:50:20.559] [Render thread/INFO] [net.minecraft.client.sounds.SoundEngine/SOUNDS]: Sound engine started
[12jul.2026 22:50:20.559] [Render thread/INFO] [net.minecraft.client.renderer.texture.TextureAtlas/]: Created: 512x256x0 minecraft:textures/atlas/particles.png-atlas
[12jul.2026 22:50:20.565] [Render thread/INFO] [net.minecraft.client.renderer.texture.TextureAtlas/]: Created: 128x128x0 minecraft:textures/atlas/decorated_pot.png-atlas
[12jul.2026 22:50:20.566] [Render thread/INFO] [net.minecraft.client.renderer.texture.TextureAtlas/]: Created: 2048x1024x0 minecraft:textures/atlas/armor_trims.png-atlas
[12jul.2026 22:50:20.575] [Render thread/INFO] [net.minecraft.client.renderer.texture.TextureAtlas/]: Created: 512x256x0 minecraft:textures/atlas/paintings.png-atlas
[12jul.2026 22:50:20.576] [Render thread/INFO] [net.minecraft.client.renderer.texture.TextureAtlas/]: Created: 1024x512x0 minecraft:textures/atlas/shield_patterns.png-atlas
[12jul.2026 22:50:20.577] [Render thread/INFO] [net.minecraft.client.renderer.texture.TextureAtlas/]: Created: 1024x512x0 minecraft:textures/atlas/blocks.png-atlas
[12jul.2026 22:50:20.594] [Render thread/INFO] [net.minecraft.client.renderer.texture.TextureAtlas/]: Created: 512x512x0 minecraft:textures/atlas/chest.png-atlas
[12jul.2026 22:50:20.595] [Render thread/INFO] [net.minecraft.client.renderer.texture.TextureAtlas/]: Created: 256x128x0 minecraft:textures/atlas/celestials.png-atlas
[12jul.2026 22:50:20.595] [Render thread/INFO] [net.minecraft.client.renderer.texture.TextureAtlas/]: Created: 1024x512x0 minecraft:textures/atlas/banner_patterns.png-atlas
[12jul.2026 22:50:20.596] [Render thread/INFO] [net.minecraft.client.renderer.texture.TextureAtlas/]: Created: 512x512x0 minecraft:textures/atlas/beds.png-atlas
[12jul.2026 22:50:20.596] [Render thread/INFO] [net.minecraft.client.renderer.texture.TextureAtlas/]: Created: 2048x1024x0 minecraft:textures/atlas/items.png-atlas
[12jul.2026 22:50:20.609] [Render thread/INFO] [net.minecraft.client.renderer.texture.TextureAtlas/]: Created: 1024x1024x0 minecraft:textures/atlas/gui.png-atlas
[12jul.2026 22:50:20.614] [Render thread/INFO] [net.minecraft.client.renderer.texture.TextureAtlas/]: Created: 128x64x0 minecraft:textures/atlas/map_decorations.png-atlas
[12jul.2026 22:50:20.614] [Render thread/INFO] [net.minecraft.client.renderer.texture.TextureAtlas/]: Created: 512x256x0 minecraft:textures/atlas/signs.png-atlas
[12jul.2026 22:50:20.614] [Render thread/INFO] [net.minecraft.client.renderer.texture.TextureAtlas/]: Created: 512x512x0 minecraft:textures/atlas/shulker_boxes.png-atlas
[12jul.2026 22:50:20.667] [Render thread/INFO] [net.neoforged.neoforge.client.entity.animation.json.AnimationLoader/]: Loaded 0 entity animations
[12jul.2026 22:50:20.748] [Render thread/INFO] [net.minecraft.client.renderer.texture.TextureAtlas/]: Created: 256x256x0 jei:textures/atlas/gui.png-atlas
[12jul.2026 22:50:25.640] [Worker-Main-6/ERROR] [net.minecraft.server.packs.resources.SimpleJsonResourceReloadListener/]: Couldn't parse data file 'neoforge:global_loot_modifiers' from 'neoforge:loot_modifiers/global_loot_modifiers.json': DataResult.Error['Unknown registry key in ResourceKey[minecraft:root / neoforge:global_loot_modifier_serializers]: neoforge:global_loot_modifiers']
[12jul.2026 22:50:25.726] [Render thread/INFO] [net.minecraft.world.item.crafting.RecipeManager/]: Loaded 1592 recipes
[12jul.2026 22:50:25.731] [Render thread/INFO] [net.minecraft.advancements.AdvancementTree/]: Loaded 1617 advancements
[12jul.2026 22:50:25.732] [Render thread/INFO] [net.neoforged.neoforge.common.crafting.RecipePriorityManager/]: Loaded 0 recipe priority overrides
[12jul.2026 22:50:25.793] [Server thread/INFO] [net.minecraft.client.server.IntegratedServer/]: Starting integrated minecraft server version 26.1.2
[12jul.2026 22:50:25.794] [Server thread/INFO] [net.minecraft.server.MinecraftServer/]: Generating keypair
[12jul.2026 22:50:26.032] [Server thread/INFO] [net.minecraft.server.level.progress.LoggingLevelLoadListener/]: Loading 0 persistent chunks...
[12jul.2026 22:50:26.044] [Server thread/INFO] [net.minecraft.server.MinecraftServer/]: Saving chunks for level 'ServerLevel[Novo mundo]'/minecraft:overworld
[12jul.2026 22:50:26.056] [Server thread/INFO] [net.minecraft.server.MinecraftServer/]: Saving chunks for level 'ServerLevel[Novo mundo]'/minecraft:the_end
[12jul.2026 22:50:26.106] [Server thread/INFO] [net.minecraft.server.MinecraftServer/]: Saving chunks for level 'ServerLevel[Novo mundo]'/minecraft:the_nether
[12jul.2026 22:50:26.150] [Server thread/INFO] [net.minecraft.server.MinecraftServer/]: ThreadedAnvilChunkStorage (world): All chunks are saved
[12jul.2026 22:50:26.150] [Server thread/INFO] [net.minecraft.server.MinecraftServer/]: ThreadedAnvilChunkStorage (DIM1): All chunks are saved
[12jul.2026 22:50:26.150] [Server thread/INFO] [net.minecraft.server.MinecraftServer/]: ThreadedAnvilChunkStorage (DIM-1): All chunks are saved
[12jul.2026 22:50:26.150] [Server thread/INFO] [net.minecraft.server.MinecraftServer/]: ThreadedAnvilChunkStorage: All dimensions are saved
[12jul.2026 22:50:26.152] [Server thread/INFO] [net.neoforged.neoforge.server.permission.PermissionAPI/]: Successfully initialized permission handler neoforge:default_handler
[12jul.2026 22:50:26.525] [Server thread/INFO] [net.minecraft.server.level.progress.LoggingLevelLoadListener/]: Loading 49 chunks for player spawn...
[12jul.2026 22:50:26.525] [Server thread/INFO] [net.minecraft.server.level.progress.LoggingLevelLoadListener/]: Preparando área de nascimento: 16%
[12jul.2026 22:50:26.558] [Server thread/INFO] [net.minecraft.server.level.progress.LoggingLevelLoadListener/]: Preparando área de nascimento: 16%
[12jul.2026 22:50:26.882] [Server thread/INFO] [net.minecraft.server.level.progress.LoggingLevelLoadListener/]: Time elapsed: 850 ms
[12jul.2026 22:50:27.039] [Server thread/INFO] [net.minecraft.server.players.PlayerList/]: Dev[local:E:185e0389] logged in with entity id 85 at (106.01233697093826, 72.0, -239.75510689139062)
[12jul.2026 22:50:27.086] [Server thread/INFO] [net.minecraft.server.MinecraftServer/]: Dev entrou no jogo
[12jul.2026 22:50:27.166] [Render thread/INFO] [mezz.jei.common.util.LoggedTimer/]: Starting JEI...
[12jul.2026 22:50:27.169] [Render thread/INFO] [mezz.jei.library.load.PluginCaller/]: Registering item subtypes...
[12jul.2026 22:50:27.170] [Render thread/INFO] [mezz.jei.library.load.PluginCaller/]: Registering item subtypes took 1.147 milliseconds
[12jul.2026 22:50:27.171] [Render thread/INFO] [mezz.jei.library.load.PluginCaller/]: Registering fluid subtypes...
[12jul.2026 22:50:27.171] [Render thread/INFO] [mezz.jei.library.load.PluginCaller/]: Registering fluid subtypes took 447.0 microseconds
[12jul.2026 22:50:27.172] [Render thread/INFO] [mezz.jei.library.load.PluginCaller/]: Registering ingredients...
[12jul.2026 22:50:27.180] [Server thread/INFO] [net.minecraft.client.server.IntegratedServer/]: Changing view distance to 16, from 10
[12jul.2026 22:50:27.183] [Server thread/INFO] [net.minecraft.client.server.IntegratedServer/]: Changing simulation distance to 12, from 0
[12jul.2026 22:50:27.221] [Render thread/INFO] [mezz.jei.library.load.PluginCallerTimerRunnable/]: Registering ingredients: jei:minecraft took 48.88 milliseconds
[12jul.2026 22:50:27.221] [Render thread/INFO] [mezz.jei.library.load.PluginCaller/]: Registering ingredients took 49.23 milliseconds
[12jul.2026 22:50:27.221] [Render thread/INFO] [mezz.jei.library.load.PluginCaller/]: Registering extra ingredients...
[12jul.2026 22:50:27.221] [Render thread/INFO] [mezz.jei.library.load.PluginCaller/]: Registering extra ingredients took 290.9 microseconds
[12jul.2026 22:50:27.221] [Render thread/INFO] [mezz.jei.library.load.PluginCaller/]: Registering search ingredient aliases...
[12jul.2026 22:50:27.222] [Render thread/INFO] [mezz.jei.library.load.PluginCaller/]: Registering search ingredient aliases took 422.5 microseconds
[12jul.2026 22:50:27.226] [Render thread/INFO] [mezz.jei.library.load.PluginCaller/]: Registering Mod Info...
[12jul.2026 22:50:27.226] [Render thread/INFO] [mezz.jei.library.load.PluginCaller/]: Registering Mod Info took 449.3 microseconds
[12jul.2026 22:50:27.234] [Render thread/INFO] [mezz.jei.library.load.PluginCaller/]: Registering categories...
[12jul.2026 22:50:27.243] [Render thread/INFO] [mezz.jei.library.load.PluginCaller/]: Registering categories took 8.808 milliseconds
[12jul.2026 22:50:27.243] [Render thread/INFO] [mezz.jei.library.load.PluginCaller/]: Registering vanilla category extensions...
[12jul.2026 22:50:27.244] [Render thread/INFO] [mezz.jei.library.load.PluginCaller/]: Registering vanilla category extensions took 820.2 microseconds
[12jul.2026 22:50:27.244] [Render thread/INFO] [mezz.jei.library.load.PluginCaller/]: Registering recipe catalysts...
[12jul.2026 22:50:27.245] [Render thread/INFO] [mezz.jei.library.load.PluginCaller/]: Registering recipe catalysts took 343.3 microseconds
[12jul.2026 22:50:27.245] [Render thread/INFO] [mezz.jei.common.util.LoggedTimer/]: Building recipe registry...
[12jul.2026 22:50:27.252] [Render thread/INFO] [mezz.jei.common.util.LoggedTimer/]: Building recipe registry took 7.255 milliseconds
[12jul.2026 22:50:27.253] [Render thread/INFO] [mezz.jei.library.load.PluginCaller/]: Registering advanced plugins...
[12jul.2026 22:50:27.253] [Render thread/INFO] [mezz.jei.library.load.PluginCaller/]: Registering advanced plugins took 272.2 microseconds
[12jul.2026 22:50:27.253] [Render thread/INFO] [mezz.jei.library.load.PluginCaller/]: Registering recipes...
[12jul.2026 22:50:27.396] [Render thread/INFO] [mezz.jei.library.load.PluginCallerTimerRunnable/]: Registering recipes: jei:minecraft took 142.3 milliseconds
[12jul.2026 22:50:27.408] [Render thread/INFO] [mezz.jei.library.load.PluginCaller/]: Registering recipes took 155.3 milliseconds
[12jul.2026 22:50:27.411] [Render thread/INFO] [mezz.jei.library.load.PluginCaller/]: Registering recipes transfer handlers...
[12jul.2026 22:50:27.412] [Render thread/INFO] [mezz.jei.library.load.PluginCaller/]: Registering recipes transfer handlers took 1.081 milliseconds
[12jul.2026 22:50:27.414] [Render thread/INFO] [mezz.jei.common.util.LoggedTimer/]: Building runtime...
[12jul.2026 22:50:27.415] [Render thread/INFO] [mezz.jei.library.load.PluginCaller/]: Registering gui handlers...
[12jul.2026 22:50:27.418] [Render thread/INFO] [mezz.jei.library.load.PluginCaller/]: Registering gui handlers took 2.155 milliseconds
[12jul.2026 22:50:27.419] [Render thread/INFO] [mezz.jei.library.load.PluginCaller/]: Registering Runtime...
[12jul.2026 22:50:27.420] [Render thread/INFO] [mezz.jei.gui.startup.JeiGuiStarter/]: Starting JEI GUI
[12jul.2026 22:50:27.420] [Render thread/INFO] [mezz.jei.common.util.LoggedTimer/]: Building ingredient list...
[12jul.2026 22:50:27.429] [Render thread/INFO] [mezz.jei.common.util.LoggedTimer/]: Building ingredient list took 9.641 milliseconds
[12jul.2026 22:50:27.429] [Render thread/INFO] [mezz.jei.common.util.LoggedTimer/]: Building ingredient filter...
[12jul.2026 22:50:27.440] [Render thread/INFO] [mezz.jei.gui.ingredients.IngredientFilter/]: Adding 1941 ingredients
[12jul.2026 22:50:27.551] [Render thread/INFO] [mezz.jei.gui.ingredients.IngredientFilter/]: Added 1941 ingredients
[12jul.2026 22:50:27.551] [Render thread/INFO] [mezz.jei.common.util.LoggedTimer/]: Building ingredient filter took 121.6 milliseconds
[12jul.2026 22:50:27.576] [Render thread/INFO] [mezz.jei.library.load.PluginCallerTimerRunnable/]: Registering Runtime: jei:neoforge_gui took 157.0 milliseconds
[12jul.2026 22:50:27.576] [Render thread/INFO] [mezz.jei.library.load.PluginCaller/]: Registering Runtime took 157.4 milliseconds
[12jul.2026 22:50:27.576] [Render thread/INFO] [mezz.jei.common.util.LoggedTimer/]: Building runtime took 162.1 milliseconds
[12jul.2026 22:50:27.576] [Render thread/INFO] [mezz.jei.library.load.PluginCaller/]: Sending Runtime...
[12jul.2026 22:50:27.577] [Render thread/INFO] [mezz.jei.library.load.PluginCaller/]: Sending Runtime took 270.3 microseconds
[12jul.2026 22:50:27.577] [Render thread/INFO] [mezz.jei.common.util.LoggedTimer/]: Starting JEI took 410.9 milliseconds
[12jul.2026 22:50:27.599] [Render thread/WARN] [net.minecraft.client.multiplayer.ClientPacketListener/]: Ignoring chat session from Dev due to missing Services public key
[12jul.2026 22:50:27.601] [Render thread/WARN] [net.minecraft.client.multiplayer.ClientPacketListener/]: Received passengers for unknown entity
[12jul.2026 22:50:27.602] [Render thread/INFO] [net.minecraft.advancements.AdvancementTree/]: Loaded 171 advancements
[12jul.2026 22:50:27.695] [Render thread/INFO] [net.minecraft.client.renderer.DynamicUniformStorage/]: Resizing Dynamic Transforms UBO, capacity limit of 2 reached during a single frame. New capacity will be 4.
[12jul.2026 22:50:27.726] [Render thread/INFO] [net.minecraft.client.renderer.DynamicUniformStorage/]: Resizing Dynamic Transforms UBO, capacity limit of 4 reached during a single frame. New capacity will be 8.
[12jul.2026 22:50:27.910] [Render thread/INFO] [net.minecraft.client.renderer.DynamicUniformStorage/]: Resizing Chunk Sections UBO, capacity limit of 2 reached during a single frame. New capacity will be 4.
[12jul.2026 22:50:27.921] [Render thread/INFO] [net.minecraft.client.renderer.DynamicUniformStorage/]: Resizing Chunk Sections UBO, capacity limit of 4 reached during a single frame. New capacity will be 8.
[12jul.2026 22:50:27.956] [Render thread/INFO] [net.minecraft.client.renderer.DynamicUniformStorage/]: Resizing Chunk Sections UBO, capacity limit of 8 reached during a single frame. New capacity will be 16.
[12jul.2026 22:50:27.969] [Render thread/INFO] [net.minecraft.client.renderer.DynamicUniformStorage/]: Resizing Chunk Sections UBO, capacity limit of 16 reached during a single frame. New capacity will be 32.
[12jul.2026 22:50:28.108] [Render thread/INFO] [net.minecraft.client.renderer.DynamicUniformStorage/]: Resizing Dynamic Transforms UBO, capacity limit of 8 reached during a single frame. New capacity will be 16.
[12jul.2026 22:50:28.122] [Render thread/INFO] [net.minecraft.client.renderer.DynamicUniformStorage/]: Resizing Chunk Sections UBO, capacity limit of 32 reached during a single frame. New capacity will be 64.
[12jul.2026 22:50:28.211] [Render thread/INFO] [net.minecraft.client.renderer.DynamicUniformStorage/]: Resizing Chunk Sections UBO, capacity limit of 64 reached during a single frame. New capacity will be 128.
[12jul.2026 22:50:28.344] [Render thread/INFO] [net.minecraft.client.renderer.DynamicUniformStorage/]: Resizing Chunk Sections UBO, capacity limit of 128 reached during a single frame. New capacity will be 256.
[12jul.2026 22:50:28.863] [Render thread/INFO] [net.minecraft.client.renderer.DynamicUniformStorage/]: Resizing Chunk Sections UBO, capacity limit of 256 reached during a single frame. New capacity will be 512.
[12jul.2026 22:50:30.586] [Render thread/INFO] [net.minecraft.client.renderer.DynamicUniformStorage/]: Resizing Chunk Sections UBO, capacity limit of 512 reached during a single frame. New capacity will be 1024.
[12jul.2026 22:52:28.623] [Server thread/INFO] [net.minecraft.server.MinecraftServer/]: [Dev: Tempo definido para limpo]
[12jul.2026 22:52:28.627] [Render thread/INFO] [net.minecraft.client.gui.components.ChatComponent/]: [System] [CHAT] Tempo definido para limpo
[12jul.2026 22:52:53.606] [Server thread/INFO] [net.minecraft.client.server.IntegratedServer/]: Saving and pausing game...
[12jul.2026 22:52:53.615] [Server thread/INFO] [net.minecraft.server.MinecraftServer/]: Saving chunks for level 'ServerLevel[Novo mundo]'/minecraft:overworld
[12jul.2026 22:52:53.641] [Server thread/INFO] [net.minecraft.server.MinecraftServer/]: Saving chunks for level 'ServerLevel[Novo mundo]'/minecraft:the_end
[12jul.2026 22:52:53.641] [Server thread/INFO] [net.minecraft.server.MinecraftServer/]: Saving chunks for level 'ServerLevel[Novo mundo]'/minecraft:the_nether
